SF:lib\model\product\product_model.dart
DA:20,2
DA:21,2
LF:2
LH:2
end_of_record
SF:lib\model\product\product_model.g.dart
DA:9,2
DA:10,2
DA:11,4
DA:12,2
DA:13,4
DA:14,2
DA:15,2
DA:16,2
DA:17,4
DA:20,2
DA:21,2
DA:22,2
DA:23,2
DA:24,2
DA:25,2
DA:26,2
DA:27,2
DA:28,2
LF:18
LH:18
end_of_record
SF:lib\model\rating\rating.dart
DA:14,4
LF:1
LH:1
end_of_record
SF:lib\model\rating\rating.g.dart
DA:9,4
DA:10,4
DA:11,4
DA:14,2
DA:15,2
DA:16,2
DA:17,2
LF:7
LH:7
end_of_record
SF:lib\service\product\product_service.dart
DA:9,1
DA:11,2
DA:12,1
DA:13,0
DA:14,0
DA:15,0
DA:19,1
DA:21,2
DA:22,2
DA:23,0
LF:10
LH:6
end_of_record
SF:lib\service\rest_service.dart
DA:18,1
DA:23,4
DA:24,1
DA:25,0
DA:27,2
DA:29,0
LF:6
LH:4
end_of_record
SF:lib\shared\utils\get_it_locator.dart
DA:11,36
DA:14,12
DA:15,12
DA:16,12
DA:19,12
DA:20,12
DA:21,20
DA:22,12
DA:23,4
DA:24,18
DA:25,16
DA:26,14
DA:29,12
DA:30,12
DA:31,12
DA:32,12
DA:33,12
LF:17
LH:17
end_of_record
SF:lib\shared\widgets\loading_widget.dart
DA:4,4
DA:6,4
DA:8,4
DA:9,4
LF:4
LH:4
end_of_record
SF:lib\service\product_local\product_local_service.dart
DA:13,1
DA:15,3
DA:17,4
DA:18,1
DA:19,0
DA:21,0
DA:26,1
DA:29,4
DA:30,3
DA:32,0
DA:37,1
DA:38,1
DA:41,1
DA:43,1
DA:45,1
DA:46,1
DA:48,1
DA:51,1
DA:54,0
LF:19
LH:15
end_of_record
SF:lib\shared\utils\debouncer.dart
DA:8,2
DA:10,2
DA:11,4
DA:12,8
LF:4
LH:4
end_of_record
SF:lib\view_model\product_details\product_details_store.dart
DA:17,1
DA:18,2
DA:20,1
DA:22,2
DA:24,1
DA:25,2
DA:27,1
DA:28,1
DA:31,2
DA:32,1
DA:33,1
DA:34,1
LF:12
LH:12
end_of_record
SF:lib\view_model\product_details\product_details_store.g.dart
DA:12,1
DA:13,2
DA:15,1
DA:17,2
DA:18,1
DA:21,1
DA:23,4
DA:24,1
DA:28,1
DA:29,2
DA:31,1
DA:33,2
DA:36,1
DA:38,2
DA:42,1
DA:44,2
DA:47,1
DA:49,2
DA:53,1
DA:55,2
DA:58,1
DA:60,2
DA:64,0
DA:67,0
DA:68,0
LF:25
LH:22
end_of_record
SF:lib\view_model\products\products_store.g.dart
DA:12,1
DA:13,2
DA:15,1
DA:17,2
DA:18,1
DA:21,1
DA:23,4
DA:24,1
DA:28,1
DA:29,2
DA:31,1
DA:33,2
DA:36,1
DA:38,2
DA:42,1
DA:44,2
DA:47,1
DA:49,2
DA:53,1
DA:55,2
DA:58,1
DA:60,2
DA:64,1
DA:66,2
DA:69,1
DA:71,2
DA:75,0
DA:78,0
DA:79,0
LF:29
LH:26
end_of_record
SF:lib\view_model\products\products_store.dart
DA:23,1
DA:24,2
DA:26,1
DA:28,2
DA:30,1
DA:31,2
DA:33,1
DA:34,2
DA:36,1
DA:38,1
DA:41,2
DA:42,2
DA:43,1
DA:45,2
DA:47,1
DA:48,1
DA:52,1
DA:53,4
DA:56,1
DA:57,1
DA:59,3
DA:60,1
DA:61,2
DA:62,4
DA:63,1
DA:64,1
DA:65,1
DA:67,1
LF:28
LH:28
end_of_record
SF:lib\view_model\products_local\products_local_store.dart
DA:19,1
DA:20,2
DA:22,1
DA:24,2
DA:26,1
DA:27,2
DA:29,1
DA:32,2
DA:33,2
DA:34,1
DA:35,1
DA:39,1
DA:40,4
DA:43,1
DA:44,1
DA:45,4
DA:48,3
LF:17
LH:17
end_of_record
SF:lib\view_model\products_local\products_local_store.g.dart
DA:12,1
DA:13,2
DA:15,1
DA:17,2
DA:18,1
DA:21,1
DA:23,4
DA:24,1
DA:28,1
DA:29,2
DA:31,1
DA:33,2
DA:36,1
DA:38,2
DA:42,1
DA:44,2
DA:47,1
DA:49,2
DA:53,1
DA:55,2
DA:58,1
DA:60,2
DA:64,0
DA:67,0
DA:68,0
LF:25
LH:22
end_of_record
SF:lib\shared\widgets\image_network_widget.dart
DA:9,5
DA:16,5
DA:18,5
DA:19,5
DA:20,5
DA:21,5
DA:22,5
DA:24,5
DA:27,0
DA:29,5
LF:10
LH:9
end_of_record
SF:lib\shared\widgets\product_tile_widget.dart
DA:11,3
DA:17,3
DA:19,3
DA:21,3
DA:23,3
DA:24,3
DA:25,6
DA:29,3
DA:30,3
DA:33,3
DA:34,3
DA:35,6
DA:36,3
DA:42,3
DA:45,3
DA:46,3
DA:47,3
DA:48,9
DA:49,9
DA:52,3
DA:53,3
DA:54,5
DA:58,3
DA:59,12
DA:60,3
LF:25
LH:25
end_of_record
SF:lib\shared\widgets\rate_widget.dart
DA:8,5
DA:10,5
DA:11,10
DA:18,5
DA:20,5
DA:22,5
DA:23,5
DA:28,5
DA:29,5
DA:30,30
DA:31,5
LF:11
LH:11
end_of_record
SF:lib\view_model\product_details\product_details_state.dart
DA:10,3
DA:16,3
LF:2
LH:2
end_of_record
SF:lib\view_model\products\products_state.dart
DA:12,3
DA:18,3
LF:2
LH:2
end_of_record
SF:lib\view_model\products_local\products_local_state.dart
DA:9,4
DA:15,3
LF:2
LH:2
end_of_record
SF:lib\shared\widgets\alert_information_widget.dart
DA:8,4
DA:14,4
DA:16,4
DA:17,4
DA:20,4
DA:21,4
DA:22,4
DA:26,4
DA:27,4
DA:28,4
LF:10
LH:10
end_of_record
SF:lib\shared\widgets\icon_text_widget.dart
DA:8,2
DA:10,2
DA:12,2
DA:16,2
DA:17,2
DA:18,2
DA:22,2
DA:23,2
DA:24,2
DA:25,2
LF:10
LH:10
end_of_record
SF:lib\shared\widgets\favorite_widget.dart
DA:13,3
DA:20,3
DA:22,3
DA:26,6
DA:27,4
DA:28,3
DA:29,3
DA:30,6
DA:32,3
DA:33,1
DA:34,3
DA:37,3
DA:43,2
LF:13
LH:13
end_of_record
SF:lib\shared\widgets\separator_widget.dart
DA:5,1
DA:7,1
LF:2
LH:2
end_of_record
SF:lib\view\error\error_view.dart
DA:7,2
DA:9,1
DA:11,1
DA:12,1
DA:13,1
DA:15,1
DA:16,1
DA:17,1
DA:22,1
DA:23,2
DA:24,1
DA:26,1
LF:12
LH:12
end_of_record
SF:lib\view\product\products_favorites_view.dart
DA:14,1
DA:17,1
DA:19,2
DA:21,1
DA:22,3
DA:23,1
DA:27,1
DA:28,1
DA:29,1
DA:31,2
DA:32,2
DA:34,1
DA:35,1
DA:36,1
DA:37,1
DA:38,1
DA:39,2
DA:40,1
DA:45,1
DA:50,1
DA:59,1
DA:61,1
DA:63,1
DA:64,3
DA:65,1
DA:66,3
DA:67,1
DA:71,0
LF:28
LH:27
end_of_record
SF:lib\view\product\product_details_view.dart
DA:23,1
DA:25,1
DA:27,3
DA:29,1
DA:30,3
DA:31,1
DA:35,2
DA:36,2
DA:38,1
DA:39,1
DA:40,1
DA:41,1
DA:42,1
DA:43,1
DA:44,1
DA:45,1
DA:46,1
DA:48,1
DA:52,1
DA:57,1
DA:58,1
DA:59,1
DA:60,1
DA:61,1
DA:62,1
DA:63,1
DA:64,1
DA:65,1
DA:66,1
DA:71,1
DA:82,1
DA:84,1
DA:86,1
DA:87,1
DA:89,1
DA:92,1
DA:93,1
DA:94,2
DA:98,1
DA:99,2
DA:100,1
DA:106,1
DA:108,1
DA:109,1
DA:110,1
DA:111,3
DA:112,3
DA:115,1
DA:116,4
DA:117,1
DA:125,1
DA:127,2
DA:129,1
DA:131,2
LF:54
LH:54
end_of_record
SF:lib\view\product\products_view.dart
DA:17,1
DA:19,1
DA:20,1
DA:27,1
DA:29,2
DA:30,2
DA:31,1
DA:34,1
DA:36,1
DA:37,3
DA:38,1
DA:42,1
DA:43,1
DA:46,1
DA:47,1
DA:48,1
DA:49,0
DA:50,0
DA:51,1
DA:58,1
DA:59,1
DA:61,1
DA:63,1
DA:64,1
DA:65,1
DA:67,1
DA:68,1
DA:69,1
DA:70,2
DA:72,1
DA:73,1
DA:77,1
DA:78,1
DA:79,1
DA:80,1
DA:81,1
DA:82,1
DA:84,1
DA:88,1
DA:103,1
DA:105,1
DA:107,1
DA:109,1
DA:110,3
DA:111,1
DA:112,1
DA:115,1
DA:116,1
DA:118,1
DA:119,1
DA:133,1
DA:136,1
DA:138,1
DA:139,3
DA:140,1
DA:141,3
DA:142,1
DA:143,2
DA:144,3
DA:145,1
DA:147,1
DA:149,1
DA:154,0
LF:63
LH:60
end_of_record
