SF:lib\model\product\product_model.dart
DA:20,2
DA:21,2
LF:2
LH:2
end_of_record
SF:lib\model\product\product_model.g.dart
DA:9,2
DA:10,2
DA:11,4
DA:12,2
DA:13,4
DA:14,2
DA:15,2
DA:16,2
DA:17,4
DA:20,2
DA:21,2
DA:22,2
DA:23,2
DA:24,2
DA:25,2
DA:26,2
DA:27,2
DA:28,2
LF:18
LH:18
end_of_record
SF:lib\model\rating\rating.dart
DA:14,4
LF:1
LH:1
end_of_record
SF:lib\model\rating\rating.g.dart
DA:9,4
DA:10,4
DA:11,4
DA:14,2
DA:15,2
DA:16,2
DA:17,2
LF:7
LH:7
end_of_record
SF:lib\service\product\product_service.dart
DA:10,1
DA:12,2
DA:13,1
DA:14,0
DA:15,0
DA:16,0
DA:20,1
DA:22,2
DA:23,2
DA:24,0
LF:10
LH:6
end_of_record
SF:lib\service\rest_service.dart
DA:18,1
DA:23,4
DA:24,1
DA:25,0
DA:27,2
DA:29,0
LF:6
LH:4
end_of_record
SF:lib\shared\utils\get_it_locator.dart
DA:11,24
DA:14,8
DA:15,8
DA:16,8
DA:19,8
DA:20,8
DA:21,16
DA:22,8
DA:23,4
DA:24,14
DA:25,12
DA:26,10
DA:29,8
DA:30,8
DA:31,8
DA:32,8
DA:33,8
LF:17
LH:17
end_of_record
SF:lib\shared\theme\custom_theme.dart
DA:5,0
DA:6,0
DA:8,0
DA:9,0
DA:11,0
DA:15,0
DA:18,0
LF:7
LH:0
end_of_record
SF:lib\service\product_local\product_local_service.dart
DA:14,1
DA:16,3
DA:18,4
DA:19,1
DA:20,0
DA:22,0
DA:27,1
DA:30,4
DA:31,3
DA:33,0
DA:38,1
DA:39,1
DA:42,1
DA:44,1
DA:46,1
DA:47,1
DA:49,1
DA:52,1
DA:55,0
LF:19
LH:15
end_of_record
SF:lib\shared\utils\debouncer.dart
DA:8,2
DA:10,2
DA:11,4
DA:12,8
LF:4
LH:4
end_of_record
SF:lib\view_model\product_details\product_details_store.dart
DA:17,1
DA:18,2
DA:20,1
DA:22,2
DA:24,1
DA:25,2
DA:27,1
DA:28,1
DA:31,2
DA:32,1
DA:33,1
DA:34,1
LF:12
LH:12
end_of_record
SF:lib\view_model\product_details\product_details_store.g.dart
DA:12,1
DA:13,2
DA:15,1
DA:17,2
DA:18,1
DA:21,1
DA:23,4
DA:24,1
DA:28,1
DA:29,2
DA:31,1
DA:33,2
DA:36,1
DA:38,2
DA:42,1
DA:44,2
DA:47,1
DA:49,2
DA:53,1
DA:55,2
DA:58,1
DA:60,2
DA:64,0
DA:67,0
DA:68,0
LF:25
LH:22
end_of_record
SF:lib\view_model\products\products_store.g.dart
DA:12,1
DA:13,2
DA:15,1
DA:17,2
DA:18,1
DA:21,1
DA:23,4
DA:24,1
DA:28,1
DA:29,2
DA:31,1
DA:33,2
DA:36,1
DA:38,2
DA:42,1
DA:44,2
DA:47,1
DA:49,2
DA:53,1
DA:55,2
DA:58,1
DA:60,2
DA:64,1
DA:66,2
DA:69,1
DA:71,2
DA:75,0
DA:78,0
DA:79,0
LF:29
LH:26
end_of_record
SF:lib\view_model\products\products_store.dart
DA:23,1
DA:24,2
DA:26,1
DA:28,2
DA:30,1
DA:31,2
DA:33,1
DA:34,2
DA:36,1
DA:38,1
DA:41,2
DA:42,2
DA:43,1
DA:45,2
DA:47,1
DA:48,1
DA:52,1
DA:53,4
DA:56,1
DA:57,1
DA:59,3
DA:60,1
DA:61,2
DA:62,4
DA:63,1
DA:64,1
DA:65,1
DA:67,1
LF:28
LH:28
end_of_record
SF:lib\view_model\products_local\products_local_store.dart
DA:19,1
DA:20,2
DA:22,1
DA:24,2
DA:26,1
DA:27,2
DA:29,1
DA:32,2
DA:33,2
DA:34,1
DA:35,1
DA:39,1
DA:40,4
DA:43,1
DA:44,1
DA:45,4
DA:48,3
LF:17
LH:17
end_of_record
SF:lib\view_model\products_local\products_local_store.g.dart
DA:12,1
DA:13,2
DA:15,1
DA:17,2
DA:18,1
DA:21,1
DA:23,4
DA:24,1
DA:28,1
DA:29,2
DA:31,1
DA:33,2
DA:36,1
DA:38,2
DA:42,1
DA:44,2
DA:47,1
DA:49,2
DA:53,1
DA:55,2
DA:58,1
DA:60,2
DA:64,0
DA:67,0
DA:68,0
LF:25
LH:22
end_of_record
SF:lib\shared\widgets\favorite_widget.dart
DA:13,1
DA:20,1
DA:22,1
DA:26,2
DA:27,4
DA:28,1
DA:29,1
DA:30,2
DA:32,1
DA:33,1
DA:34,3
DA:37,3
DA:43,0
LF:13
LH:12
end_of_record
SF:lib\view_model\products_local\products_local_state.dart
DA:9,3
DA:15,2
LF:2
LH:2
end_of_record
SF:lib\view_model\product_details\product_details_state.dart
DA:10,2
DA:16,2
LF:2
LH:2
end_of_record
SF:lib\view_model\products\products_state.dart
DA:12,2
DA:18,2
LF:2
LH:2
end_of_record
SF:lib\shared\widgets\alert_information_widget.dart
DA:8,1
DA:14,1
DA:16,1
DA:17,1
DA:20,1
DA:21,1
DA:22,1
DA:26,1
DA:27,1
DA:28,1
LF:10
LH:10
end_of_record
SF:lib\shared\widgets\icon_text_widget.dart
DA:8,1
DA:10,1
DA:12,1
DA:16,1
DA:17,1
DA:18,1
DA:22,1
DA:23,1
DA:24,1
DA:25,1
LF:10
LH:10
end_of_record
SF:lib\shared\widgets\loading_widget.dart
DA:4,1
DA:6,1
DA:8,1
DA:9,1
LF:4
LH:4
end_of_record
SF:lib\shared\widgets\image_network_widget.dart
DA:9,2
DA:16,2
DA:18,2
DA:19,2
DA:20,2
DA:21,2
DA:22,2
DA:24,2
DA:27,0
DA:29,2
LF:10
LH:9
end_of_record
SF:lib\shared\widgets\product_tile_widget.dart
DA:11,1
DA:17,1
DA:19,1
DA:21,1
DA:23,1
DA:24,1
DA:25,2
DA:29,1
DA:30,1
DA:33,1
DA:34,1
DA:35,2
DA:36,1
DA:42,1
DA:45,1
DA:46,1
DA:47,1
DA:48,3
DA:49,3
DA:52,1
DA:53,1
DA:54,2
DA:58,1
DA:59,4
DA:60,1
LF:25
LH:25
end_of_record
SF:lib\shared\widgets\rate_widget.dart
DA:8,2
DA:10,2
DA:11,4
DA:18,2
DA:20,2
DA:22,2
DA:23,2
DA:28,2
DA:29,2
DA:30,12
DA:31,2
LF:11
LH:11
end_of_record
SF:lib\shared\widgets\separator_widget.dart
DA:5,1
DA:7,1
LF:2
LH:2
end_of_record
